<?xml version="1.0" encoding="UTF-8"?>
<!-- Generated by org.testng.reporters.JUnitReportReporter -->
<testsuite skipped="0" hostname="LAPTOP-MEU4Q386" name="com.cnn.basicway.CnnProject" tests="1" failures="0" timestamp="2020-04-18T14:46:16 EDT" time="32.017" errors="0">
  <testcase name="pageTitle_02" time="32.017" classname="com.cnn.basicway.CnnProject"/>
</testsuite> <!-- com.cnn.basicway.CnnProject -->
