<?xml version="1.0" encoding="UTF-8"?>
<!-- Generated by org.testng.reporters.JUnitReportReporter -->
<testsuite skipped="0" hostname="LAPTOP-MEU4Q386" name="com.regression.MarketData" tests="1" failures="0" timestamp="2020-04-17T18:43:23 EDT" time="43.307" errors="0">
  <testcase name="regression_tc02" time="43.307" classname="com.regression.MarketData"/>
</testsuite> <!-- com.regression.MarketData -->
