<?xml version="1.0" encoding="UTF-8"?>
<!-- Generated by org.testng.reporters.JUnitReportReporter -->
<testsuite skipped="0" hostname="LAPTOP-MEU4Q386" name="com.smoke.ApplicationStatus" tests="1" failures="0" timestamp="12 Apr 2020 06:26:10 GMT" time="11.407" errors="0">
  <testcase name="setup" time="11.407" classname="com.smoke.ApplicationStatus"/>
</testsuite> <!-- com.smoke.ApplicationStatus -->
