<?xml version="1.0" encoding="UTF-8"?>
<!-- Generated by org.testng.reporters.JUnitReportReporter -->
<testsuite skipped="0" hostname="LAPTOP-MEU4Q386" name="com.cnn.regression1.CnnProject" tests="1" failures="0" timestamp="2020-04-25T13:16:51 EDT" time="14.095" errors="0">
  <testcase name="market_03" time="14.095" classname="com.cnn.regression1.CnnProject"/>
</testsuite> <!-- com.cnn.regression1.CnnProject -->
